<?xml version="1.0" encoding="UTF-8"?>
<robot generator="Robot 3.2.2 (Python 3.8.1 on win32)" generated="20201127 17:34:10.441" rpa="false">
<suite id="s1" name="RobotTestTiket" source="D:\ToolsQA\RobotTestTiket">
<suite id="s1-s1" name="TestSuite" source="D:\ToolsQA\RobotTestTiket\TestSuite">
<suite id="s1-s1-s1" name="FungsiCheckOrder" source="D:\ToolsQA\RobotTestTiket\TestSuite\FungsiCheckOrder.robot">
<test id="s1-s1-s1-t1" name="SecondSeleniumTest">
<kw name="Open Browser" library="SeleniumLibrary">
<doc>Opens a new browser instance to the optional ``url``.</doc>
<arguments>
<arg>https://www.tiket.com/</arg>
</arguments>
<msg timestamp="20201127 17:34:10.755" level="INFO">Opening browser 'firefox' to base url 'https://www.tiket.com/'.</msg>
<msg timestamp="20201127 17:34:10.756" level="INFO">Firefox driver log is always forced to to: D:\ToolsQA\RobotTestTiket\geckodriver-16.log</msg>
<status status="PASS" starttime="20201127 17:34:10.754" endtime="20201127 17:34:22.474"></status>
</kw>
<kw name="Set Selenium Implicit Wait" library="SeleniumLibrary">
<doc>Sets the implicit wait value used by Selenium.</doc>
<arguments>
<arg>5</arg>
</arguments>
<status status="PASS" starttime="20201127 17:34:22.475" endtime="20201127 17:34:22.484"></status>
</kw>
<kw name="Sleep" library="BuiltIn">
<doc>Pauses the test executed for the given time.</doc>
<arguments>
<arg>5</arg>
</arguments>
<msg timestamp="20201127 17:34:27.486" level="INFO">Slept 5 seconds</msg>
<status status="PASS" starttime="20201127 17:34:22.485" endtime="20201127 17:34:27.487"></status>
</kw>
<kw name="Click Element" library="SeleniumLibrary">
<doc>Click the element identified by ``locator``.</doc>
<arguments>
<arg>xpath=/html/body/div[2]/div/div[2]/div[3]/div[1]/div[3]/div/div[2]/a[3]</arg>
</arguments>
<msg timestamp="20201127 17:34:27.490" level="INFO">Clicking element 'xpath=/html/body/div[2]/div/div[2]/div[3]/div[1]/div[3]/div/div[2]/a[3]'.</msg>
<status status="PASS" starttime="20201127 17:34:27.488" endtime="20201127 17:34:34.090"></status>
</kw>
<kw name="Click Element" library="SeleniumLibrary">
<doc>Click the element identified by ``locator``.</doc>
<arguments>
<arg>xpath=/html/body/div[2]/div/div[2]/div/div/div/div/div[3]/div[2]/div/div/div/div/div[1]/div[6]/div/div/ul/li[3]/div</arg>
</arguments>
<msg timestamp="20201127 17:34:34.092" level="INFO">Clicking element 'xpath=/html/body/div[2]/div/div[2]/div/div/div/div/div[3]/div[2]/div/div/div/div/div[1]/div[6]/div/div/ul/li[3]/div'.</msg>
<status status="PASS" starttime="20201127 17:34:34.091" endtime="20201127 17:34:34.572"></status>
</kw>
<kw name="Click Element" library="SeleniumLibrary">
<doc>Click the element identified by ``locator``.</doc>
<arguments>
<arg>xpath=/html/body/div[2]/div/div[2]/div[3]/div[1]/div[3]/div/div[2]/a[2]</arg>
</arguments>
<msg timestamp="20201127 17:34:34.573" level="INFO">Clicking element 'xpath=/html/body/div[2]/div/div[2]/div[3]/div[1]/div[3]/div/div[2]/a[2]'.</msg>
<kw name="Capture Page Screenshot" library="SeleniumLibrary">
<doc>Takes a screenshot of the current page and embeds it into a log file.</doc>
<msg timestamp="20201127 17:34:39.696" level="INFO" html="yes">&lt;/td&gt;&lt;/tr&gt;&lt;tr&gt;&lt;td colspan="3"&gt;&lt;a href="selenium-screenshot-8.png"&gt;&lt;img src="selenium-screenshot-8.png" width="800px"&gt;&lt;/a&gt;</msg>
<status status="PASS" starttime="20201127 17:34:39.585" endtime="20201127 17:34:39.696"></status>
</kw>
<msg timestamp="20201127 17:34:39.698" level="FAIL">Element with locator 'xpath=/html/body/div[2]/div/div[2]/div[3]/div[1]/div[3]/div/div[2]/a[2]' not found.</msg>
<status status="FAIL" starttime="20201127 17:34:34.573" endtime="20201127 17:34:39.698"></status>
</kw>
<status status="FAIL" starttime="20201127 17:34:10.752" endtime="20201127 17:34:39.699" critical="yes">Element with locator 'xpath=/html/body/div[2]/div/div[2]/div[3]/div[1]/div[3]/div/div[2]/a[2]' not found.</status>
</test>
<status status="FAIL" starttime="20201127 17:34:10.518" endtime="20201127 17:34:39.700"></status>
</suite>
<status status="FAIL" starttime="20201127 17:34:10.513" endtime="20201127 17:34:39.702"></status>
</suite>
<status status="FAIL" starttime="20201127 17:34:10.481" endtime="20201127 17:34:39.704"></status>
</suite>
<statistics>
<total>
<stat pass="0" fail="1">Critical Tests</stat>
<stat pass="0" fail="1">All Tests</stat>
</total>
<tag>
</tag>
<suite>
<stat pass="0" fail="1" id="s1" name="RobotTestTiket">RobotTestTiket</stat>
<stat pass="0" fail="1" id="s1-s1" name="TestSuite">RobotTestTiket.TestSuite</stat>
<stat pass="0" fail="1" id="s1-s1-s1" name="FungsiCheckOrder">RobotTestTiket.TestSuite.FungsiCheckOrder</stat>
</suite>
</statistics>
<errors>
</errors>
</robot>
